[2025-10-04 04:39:32] No connection could be made because the target machine actively refused it in C:\xampp\htdocs\carwash_project\backend\includes\db.php:42
Stack trace:
#0 C:\xampp\htdocs\carwash_project\backend\includes\db.php(42): mysqli->__construct('localhost', 'root', Object(SensitiveParameterValue), 'carwash_db')
#1 C:\xampp\htdocs\carwash_project\backend\includes\db.php(14): Database->connect()
#2 C:\xampp\htdocs\carwash_project\backend\includes\db.php(66): Database->__construct()
#3 C:\xampp\htdocs\carwash_project\backend\includes\db.php(167): Database::getInstance()
#4 C:\xampp\htdocs\carwash_project\test_project.php(57): require_once('C:\\xampp\\htdocs...')
#5 C:\xampp\htdocs\carwash_project\test_project.php(21): ProjectTester->testDatabase()
#6 C:\xampp\htdocs\carwash_project\test_project.php(12): ProjectTester->runTests()
#7 C:\xampp\htdocs\carwash_project\test_project.php(170): ProjectTester->__construct()
#8 {main}
[2025-10-04 04:41:49] No connection could be made because the target machine actively refused it in C:\xampp\htdocs\carwash_project\backend\includes\db.php:42
Stack trace:
#0 C:\xampp\htdocs\carwash_project\backend\includes\db.php(42): mysqli->__construct('localhost', 'root', Object(SensitiveParameterValue), 'carwash_db')
#1 C:\xampp\htdocs\carwash_project\backend\includes\db.php(14): Database->connect()
#2 C:\xampp\htdocs\carwash_project\backend\includes\db.php(66): Database->__construct()
#3 C:\xampp\htdocs\carwash_project\backend\includes\db.php(167): Database::getInstance()
#4 C:\xampp\htdocs\carwash_project\backend\includes\test_db.php(2): require_once('C:\\xampp\\htdocs...')
#5 {main}
[2025-10-04 04:58:53] No connection could be made because the target machine actively refused it in C:\xampp\htdocs\carwash_project\backend\includes\db.php:42
Stack trace:
#0 C:\xampp\htdocs\carwash_project\backend\includes\db.php(42): mysqli->__construct('localhost', 'root', Object(SensitiveParameterValue), 'carwash_db')
#1 C:\xampp\htdocs\carwash_project\backend\includes\db.php(14): Database->connect()
#2 C:\xampp\htdocs\carwash_project\backend\includes\db.php(66): Database->__construct()
#3 C:\xampp\htdocs\carwash_project\backend\includes\db.php(167): Database::getInstance()
#4 C:\xampp\htdocs\carwash_project\backend\includes\test_db.php(2): require_once('C:\\xampp\\htdocs...')
#5 {main}
[2025-10-04 04:59:03] No connection could be made because the target machine actively refused it in C:\xampp\htdocs\carwash_project\backend\includes\db.php:42
Stack trace:
#0 C:\xampp\htdocs\carwash_project\backend\includes\db.php(42): mysqli->__construct('localhost', 'root', Object(SensitiveParameterValue), 'carwash_db')
#1 C:\xampp\htdocs\carwash_project\backend\includes\db.php(14): Database->connect()
#2 C:\xampp\htdocs\carwash_project\backend\includes\db.php(66): Database->__construct()
#3 C:\xampp\htdocs\carwash_project\backend\includes\db.php(167): Database::getInstance()
#4 C:\xampp\htdocs\carwash_project\backend\includes\test_db.php(2): require_once('C:\\xampp\\htdocs...')
#5 {main}
[2025-10-04 05:01:05] No connection could be made because the target machine actively refused it in C:\xampp\htdocs\carwash_project\backend\includes\db.php:42
Stack trace:
#0 C:\xampp\htdocs\carwash_project\backend\includes\db.php(42): mysqli->__construct('localhost', 'root', Object(SensitiveParameterValue), 'carwash_db')
#1 C:\xampp\htdocs\carwash_project\backend\includes\db.php(14): Database->connect()
#2 C:\xampp\htdocs\carwash_project\backend\includes\db.php(66): Database->__construct()
#3 C:\xampp\htdocs\carwash_project\backend\includes\db.php(167): Database::getInstance()
#4 C:\xampp\htdocs\carwash_project\backend\includes\test_db.php(2): require_once('C:\\xampp\\htdocs...')
#5 {main}
[2025-10-04 05:01:11] No connection could be made because the target machine actively refused it in C:\xampp\htdocs\carwash_project\backend\includes\db.php:42
Stack trace:
#0 C:\xampp\htdocs\carwash_project\backend\includes\db.php(42): mysqli->__construct('localhost', 'root', Object(SensitiveParameterValue), 'carwash_db')
#1 C:\xampp\htdocs\carwash_project\backend\includes\db.php(14): Database->connect()
#2 C:\xampp\htdocs\carwash_project\backend\includes\db.php(66): Database->__construct()
#3 C:\xampp\htdocs\carwash_project\backend\includes\db.php(167): Database::getInstance()
#4 C:\xampp\htdocs\carwash_project\backend\includes\test_db.php(2): require_once('C:\\xampp\\htdocs...')
#5 {main}
[2025-10-04 05:05:23] No connection could be made because the target machine actively refused it in C:\xampp\htdocs\carwash_project\backend\includes\db.php:42
Stack trace:
#0 C:\xampp\htdocs\carwash_project\backend\includes\db.php(42): mysqli->__construct('localhost', 'root', Object(SensitiveParameterValue), 'carwash')
#1 C:\xampp\htdocs\carwash_project\backend\includes\db.php(14): Database->connect()
#2 C:\xampp\htdocs\carwash_project\backend\includes\db.php(66): Database->__construct()
#3 C:\xampp\htdocs\carwash_project\backend\includes\db.php(167): Database::getInstance()
#4 {main}
[2025-10-04 05:05:51] No connection could be made because the target machine actively refused it in C:\xampp\htdocs\carwash_project\backend\includes\db.php:42
Stack trace:
#0 C:\xampp\htdocs\carwash_project\backend\includes\db.php(42): mysqli->__construct('localhost', 'root', Object(SensitiveParameterValue), 'carwash')
#1 C:\xampp\htdocs\carwash_project\backend\includes\db.php(14): Database->connect()
#2 C:\xampp\htdocs\carwash_project\backend\includes\db.php(66): Database->__construct()
#3 C:\xampp\htdocs\carwash_project\backend\includes\db.php(167): Database::getInstance()
#4 C:\xampp\htdocs\carwash_project\backend\includes\test_db.php(2): require_once('C:\\xampp\\htdocs...')
#5 {main}
[2025-10-04 05:08:15] No connection could be made because the target machine actively refused it in C:\xampp\htdocs\carwash_project\backend\includes\db.php:42
Stack trace:
#0 C:\xampp\htdocs\carwash_project\backend\includes\db.php(42): mysqli->__construct('localhost', 'root', Object(SensitiveParameterValue), 'carwash.php')
#1 C:\xampp\htdocs\carwash_project\backend\includes\db.php(14): Database->connect()
#2 C:\xampp\htdocs\carwash_project\backend\includes\db.php(66): Database->__construct()
#3 C:\xampp\htdocs\carwash_project\backend\includes\db.php(167): Database::getInstance()
#4 C:\xampp\htdocs\carwash_project\backend\includes\test_db.php(2): require_once('C:\\xampp\\htdocs...')
#5 {main}
[2025-10-04 05:08:48] No connection could be made because the target machine actively refused it in C:\xampp\htdocs\carwash_project\backend\includes\db.php:42
Stack trace:
#0 C:\xampp\htdocs\carwash_project\backend\includes\db.php(42): mysqli->__construct('localhost', 'root', Object(SensitiveParameterValue), 'carwash.php')
#1 C:\xampp\htdocs\carwash_project\backend\includes\db.php(14): Database->connect()
#2 C:\xampp\htdocs\carwash_project\backend\includes\db.php(66): Database->__construct()
#3 C:\xampp\htdocs\carwash_project\backend\includes\db.php(167): Database::getInstance()
#4 C:\xampp\htdocs\carwash_project\backend\includes\test_db.php(2): require_once('C:\\xampp\\htdocs...')
#5 {main}
[2025-10-04 05:09:10] No connection could be made because the target machine actively refused it in C:\xampp\htdocs\carwash_project\backend\includes\db.php:42
Stack trace:
#0 C:\xampp\htdocs\carwash_project\backend\includes\db.php(42): mysqli->__construct('localhost', 'root', Object(SensitiveParameterValue), 'carwash.php')
#1 C:\xampp\htdocs\carwash_project\backend\includes\db.php(14): Database->connect()
#2 C:\xampp\htdocs\carwash_project\backend\includes\db.php(66): Database->__construct()
#3 C:\xampp\htdocs\carwash_project\backend\includes\db.php(167): Database::getInstance()
#4 C:\xampp\htdocs\carwash_project\backend\includes\test_db.php(2): require_once('C:\\xampp\\htdocs...')
#5 {main}
[2025-10-04 05:10:57] No connection could be made because the target machine actively refused it in C:\xampp\htdocs\carwash_project\backend\includes\db.php:42
Stack trace:
#0 C:\xampp\htdocs\carwash_project\backend\includes\db.php(42): mysqli->__construct('localhost', 'root', Object(SensitiveParameterValue), 'carwash.php')
#1 C:\xampp\htdocs\carwash_project\backend\includes\db.php(14): Database->connect()
#2 C:\xampp\htdocs\carwash_project\backend\includes\db.php(66): Database->__construct()
#3 C:\xampp\htdocs\carwash_project\backend\includes\db.php(167): Database::getInstance()
#4 C:\xampp\htdocs\carwash_project\backend\includes\test_db.php(2): require_once('C:\\xampp\\htdocs...')
#5 {main}
[2025-10-04 05:11:34] No connection could be made because the target machine actively refused it in C:\xampp\htdocs\carwash_project\backend\includes\db.php:42
Stack trace:
#0 C:\xampp\htdocs\carwash_project\backend\includes\db.php(42): mysqli->__construct('localhost', 'root', Object(SensitiveParameterValue), 'carwash')
#1 C:\xampp\htdocs\carwash_project\backend\includes\db.php(14): Database->connect()
#2 C:\xampp\htdocs\carwash_project\backend\includes\db.php(66): Database->__construct()
#3 C:\xampp\htdocs\carwash_project\backend\includes\db.php(167): Database::getInstance()
#4 C:\xampp\htdocs\carwash_project\test_project.php(57): require_once('C:\\xampp\\htdocs...')
#5 C:\xampp\htdocs\carwash_project\test_project.php(21): ProjectTester->testDatabase()
#6 C:\xampp\htdocs\carwash_project\test_project.php(12): ProjectTester->runTests()
#7 C:\xampp\htdocs\carwash_project\test_project.php(170): ProjectTester->__construct()
#8 {main}
[2025-10-04 05:12:10] No connection could be made because the target machine actively refused it in C:\xampp\htdocs\carwash_project\backend\includes\db.php:42
Stack trace:
#0 C:\xampp\htdocs\carwash_project\backend\includes\db.php(42): mysqli->__construct('localhost', 'root', Object(SensitiveParameterValue), 'carwash')
#1 C:\xampp\htdocs\carwash_project\backend\includes\db.php(14): Database->connect()
#2 C:\xampp\htdocs\carwash_project\backend\includes\db.php(66): Database->__construct()
#3 C:\xampp\htdocs\carwash_project\backend\includes\db.php(167): Database::getInstance()
#4 C:\xampp\htdocs\carwash_project\test_project.php(57): require_once('C:\\xampp\\htdocs...')
#5 C:\xampp\htdocs\carwash_project\test_project.php(21): ProjectTester->testDatabase()
#6 C:\xampp\htdocs\carwash_project\test_project.php(12): ProjectTester->runTests()
#7 C:\xampp\htdocs\carwash_project\test_project.php(170): ProjectTester->__construct()
#8 {main}
[2025-10-04 05:12:18] No connection could be made because the target machine actively refused it in C:\xampp\htdocs\carwash_project\backend\includes\db.php:42
Stack trace:
#0 C:\xampp\htdocs\carwash_project\backend\includes\db.php(42): mysqli->__construct('localhost', 'root', Object(SensitiveParameterValue), 'carwash')
#1 C:\xampp\htdocs\carwash_project\backend\includes\db.php(14): Database->connect()
#2 C:\xampp\htdocs\carwash_project\backend\includes\db.php(66): Database->__construct()
#3 C:\xampp\htdocs\carwash_project\backend\includes\db.php(167): Database::getInstance()
#4 C:\xampp\htdocs\carwash_project\backend\includes\login_process.php(3): require_once('C:\\xampp\\htdocs...')
#5 {main}
[2025-10-04 05:12:39] No connection could be made because the target machine actively refused it in C:\xampp\htdocs\carwash_project\backend\includes\db.php:42
Stack trace:
#0 C:\xampp\htdocs\carwash_project\backend\includes\db.php(42): mysqli->__construct('localhost', 'root', Object(SensitiveParameterValue), 'carwash')
#1 C:\xampp\htdocs\carwash_project\backend\includes\db.php(14): Database->connect()
#2 C:\xampp\htdocs\carwash_project\backend\includes\db.php(66): Database->__construct()
#3 C:\xampp\htdocs\carwash_project\backend\includes\db.php(167): Database::getInstance()
#4 {main}
